2014-10-07 21:51:35,125 [1] DEBUG miniLib.Global - 网站启动
2014-10-07 21:52:30,593 [1] DEBUG miniLib.Global - 网站启动
2014-10-07 21:59:33,393 [1] DEBUG miniLib.Global - 网站启动
2014-10-07 21:59:41,596 [1] DEBUG miniLib.Global - 网站启动
2014-10-07 22:02:03,982 [1] DEBUG miniLib.Global - 网站启动
2014-10-07 22:04:27,758 [1] DEBUG miniLib.Global - 网站启动
2014-10-07 22:04:53,666 [6] DEBUG miniLib.Global - 网站关闭
2014-10-07 22:04:59,507 [1] DEBUG miniLib.Global - 网站启动
2014-10-07 22:05:55,019 [1] DEBUG miniLib.Global - 网站启动
2014-10-07 22:07:30,247 [9] DEBUG miniLib.Global - 网站关闭
2014-10-07 22:07:54,018 [10] DEBUG miniLib.Global - 网站启动
2014-10-07 22:16:38,435 [29] DEBUG miniLib.Global - 网站关闭
2014-10-07 22:16:41,382 [10] DEBUG miniLib.Global - 网站启动
2014-10-07 22:28:49,261 [38] DEBUG miniLib.Global - 网站关闭
2014-10-07 22:28:53,732 [39] DEBUG miniLib.Global - 网站启动
2014-10-07 22:29:34,187 [36] DEBUG miniLib.Global - 网站关闭
2014-10-08 15:47:15,273 [1] DEBUG miniLib.Global - 网站启动
2014-10-08 16:25:21,568 [27] DEBUG miniLib.Global - 网站关闭
2014-10-08 16:53:22,172 [45] DEBUG miniLib.Global - 网站启动
2014-10-08 22:06:34,628 [1] DEBUG miniLib.Global - 网站启动
2014-10-08 22:09:02,500 [1] DEBUG miniLib.Global - 网站启动
2014-10-08 22:14:37,399 [1] DEBUG miniLib.Global - 网站启动
2014-10-08 22:16:34,519 [7] DEBUG miniLib.Global - 网站关闭
2014-10-08 22:16:39,502 [6] DEBUG miniLib.Global - 网站启动
2014-10-08 22:20:30,449 [5] DEBUG miniLib.Global - 网站关闭
2014-10-08 22:20:51,652 [14] DEBUG miniLib.Global - 网站启动
2014-10-08 22:32:20,846 [20] DEBUG miniLib.Global - 网站关闭
2014-10-08 22:32:21,778 [14] DEBUG miniLib.Global - 网站启动
2014-10-08 22:48:58,103 [27] DEBUG miniLib.Global - 网站关闭
2014-10-08 22:49:00,097 [1] DEBUG miniLib.Global - 网站启动
2014-10-08 22:51:35,977 [1] DEBUG miniLib.Global - 网站启动
2014-10-09 09:31:45,266 [1] DEBUG miniLib.Global - 网站启动
2014-10-09 14:31:58,553 [1] DEBUG miniLib.Global - 网站启动
2014-10-09 14:39:59,319 [34] DEBUG miniLib.Global - 网站关闭
2014-10-09 14:40:04,095 [1] DEBUG miniLib.Global - 网站启动
2014-10-09 14:59:51,570 [34] DEBUG miniLib.Global - 网站关闭
2014-10-09 15:00:00,923 [25] DEBUG miniLib.Global - 网站启动
2014-10-09 15:01:39,220 [1] DEBUG miniLib.Global - 网站启动
2014-10-09 15:02:56,250 [9] DEBUG miniLib.Global - 网站关闭
2014-10-09 15:07:47,745 [19] DEBUG miniLib.Global - 网站启动
2014-10-09 15:52:19,585 [63] DEBUG miniLib.Global - 网站关闭
2014-10-09 15:52:24,526 [1] DEBUG miniLib.Global - 网站启动
2014-10-09 15:52:46,981 [41] DEBUG miniLib.Global - 网站关闭
2014-10-09 15:53:25,425 [73] DEBUG miniLib.Global - 网站启动
2014-10-09 21:56:15,949 [1] DEBUG miniLib.Global - 网站启动
2014-10-09 21:56:36,847 [5] DEBUG miniLib.Login - 有用户登录xiaxuan
2014-10-10 22:37:55,383 [1] DEBUG miniLib.Global - 网站启动
2014-10-10 22:38:27,125 [6] DEBUG miniLib.Login - 有用户登录bingwen
2014-10-10 22:39:25,546 [7] DEBUG miniLib.Global - 网站关闭
2014-10-10 22:39:30,171 [1] DEBUG miniLib.Global - 网站启动
2014-10-10 22:39:51,884 [5] DEBUG miniLib.Login - 有用户登录bingwen
2014-10-10 22:47:01,012 [14] DEBUG miniLib.Global - 网站关闭
2014-10-10 22:54:20,005 [28] DEBUG miniLib.Global - 网站启动
2014-10-10 22:55:34,077 [27] DEBUG miniLib.Register - 有新用户注册michael
2014-10-10 22:57:06,239 [27] DEBUG miniLib.Global - 网站关闭
2014-10-10 22:58:32,205 [28] DEBUG miniLib.Global - 网站启动
2014-10-11 10:19:02,811 [1] DEBUG miniLib.Global - 网站启动
2014-10-11 10:19:23,480 [7] DEBUG miniLib.Login - 有用户登录bingwen
2014-10-11 10:20:06,449 [6] DEBUG miniLib.Global - 网站关闭
2014-10-11 10:20:11,582 [1] DEBUG miniLib.Global - 网站启动
2014-10-11 10:20:27,930 [8] DEBUG miniLib.Login - 有用户登录bingwen
2014-10-11 10:21:38,991 [5] DEBUG miniLib.Global - 网站关闭
2014-10-11 10:21:42,940 [1] DEBUG miniLib.Global - 网站启动
2014-10-11 10:22:02,040 [6] DEBUG miniLib.Login - 有用户登录bingwen
2014-10-11 10:22:23,460 [8] DEBUG miniLib.Global - 网站关闭
2014-10-11 10:22:27,777 [1] DEBUG miniLib.Global - 网站启动
2014-10-11 10:22:42,803 [8] DEBUG miniLib.Login - 有用户登录bingwen
2014-10-11 10:23:14,033 [6] DEBUG miniLib.Global - 网站关闭
2014-10-11 11:07:42,443 [1] DEBUG miniLib.Global - 网站启动
2014-10-11 11:07:59,519 [6] DEBUG miniLib.Login - 有用户登录bingwen
2014-10-11 11:09:34,363 [7] DEBUG miniLib.Global - 网站关闭
2014-10-11 11:09:46,622 [1] DEBUG miniLib.Global - 网站启动
2014-10-11 11:10:00,888 [7] DEBUG miniLib.Login - 有用户登录bingwen
2014-10-11 11:11:44,509 [9] DEBUG miniLib.Login - 有用户登录bingwen
2014-10-13 14:15:26,164 [1] DEBUG miniLib.Global - 网站启动
2014-10-13 14:15:50,230 [8] DEBUG miniLib.Login - 有用户登录bingwen
2014-10-13 14:48:25,625 [23] DEBUG miniLib.Login - 有用户登录bingwen
2014-10-14 16:19:27,280 [1] DEBUG miniLib.Global - 网站启动
2014-10-14 16:20:51,269 [6] DEBUG miniLib.Register - 有新用户注册bingwenwuhen
2014-10-14 17:17:59,485 [68] DEBUG miniLib.Global - 网站关闭
2014-10-14 17:28:37,984 [1] DEBUG miniLib.Global - 网站启动
2014-10-14 17:29:00,699 [55] DEBUG miniLib.Login - 有用户登录bingwen
2014-10-14 17:29:49,530 [55] DEBUG miniLib.Global - 网站关闭
2014-10-14 22:47:09,500 [394] DEBUG miniLib.Global - 网站启动
2014-10-14 22:47:27,045 [392] DEBUG miniLib.Login - 有用户登录bingwen
2014-10-14 22:47:44,301 [390] DEBUG miniLib.Global - 网站关闭
2014-10-14 22:47:51,139 [394] DEBUG miniLib.Global - 网站启动
2014-10-14 22:48:25,116 [390] DEBUG miniLib.Login - 有用户登录bingwen
2014-10-14 22:51:21,728 [390] DEBUG miniLib.Global - 网站关闭
2014-10-14 22:51:30,006 [400] DEBUG miniLib.Global - 网站启动
2014-10-14 22:51:57,146 [393] DEBUG miniLib.Login - 有用户登录bingwen
2014-10-14 22:54:29,105 [393] DEBUG miniLib.Global - 网站关闭
2014-10-14 22:54:37,125 [400] DEBUG miniLib.Global - 网站启动
2014-10-14 22:54:52,818 [392] DEBUG miniLib.Login - 有用户登录bingwen
2014-10-14 22:58:12,419 [390] DEBUG miniLib.Login - 有用户登录bingwen
2014-10-20 16:30:38,354 [1] DEBUG miniLib.Global - 网站启动
2014-10-20 16:33:42,743 [9] DEBUG miniLib.Global - 网站关闭
2014-10-20 16:33:57,024 [1] DEBUG miniLib.Global - 网站启动
2014-10-20 16:34:20,587 [9] DEBUG miniLib.Login - 有用户登录bingwen
2014-10-21 15:09:51,791 [1] DEBUG miniLib.Global - 网站启动
2014-10-21 15:10:11,380 [5] DEBUG miniLib.Login - 有用户登录bingwen
2014-10-21 15:12:18,058 [8] DEBUG miniLib.Global - 网站关闭
2014-10-21 15:27:43,409 [1] DEBUG miniLib.Global - 网站启动
2014-10-21 15:28:11,386 [26] DEBUG miniLib.Login - 有用户登录bingwen
2014-10-21 15:43:25,744 [21] DEBUG miniLib.Global - 网站关闭
2014-10-21 15:43:33,024 [31] DEBUG miniLib.Global - 网站启动
2014-10-21 15:43:48,479 [21] DEBUG miniLib.Login - 有用户登录bingwen
2014-10-21 16:13:38,100 [26] DEBUG miniLib.Global - 网站关闭
2014-10-21 16:13:45,189 [35] DEBUG miniLib.Global - 网站启动
2014-10-21 16:15:46,236 [17] DEBUG miniLib.Global - 网站关闭
2014-10-21 16:15:53,002 [31] DEBUG miniLib.Global - 网站启动
2014-10-21 16:18:07,255 [17] DEBUG miniLib.Login - 有用户登录bingwen
2014-10-21 16:25:36,654 [17] DEBUG miniLib.Global - 网站关闭
2014-10-21 16:35:24,718 [31] DEBUG miniLib.Global - 网站启动
2014-10-21 16:35:32,694 [18] DEBUG miniLib.Login - 有用户登录bingwen
2014-10-22 21:30:35,880 [1] DEBUG miniLib.Global - 网站启动
2014-10-22 21:30:46,964 [8] DEBUG miniLib.Login - 有用户登录bingwen
2014-10-22 21:47:24,996 [18] DEBUG miniLib.Global - 网站关闭
2014-10-22 23:27:52,206 [134] DEBUG miniLib.Global - 网站启动
2014-10-22 23:27:59,284 [132] DEBUG miniLib.Login - 有用户登录bingwen
2014-10-22 23:35:34,712 [133] DEBUG miniLib.Global - 网站关闭
2014-10-23 16:34:58,679 [1] DEBUG miniLib.Global - 网站启动
2014-10-23 16:35:07,518 [8] DEBUG miniLib.Login - 有用户登录bingwen
2014-10-23 16:44:26,740 [17] DEBUG miniLib.Global - 网站关闭
2014-10-23 16:47:12,112 [1] DEBUG miniLib.Global - 网站启动
2014-10-23 16:48:30,091 [17] DEBUG miniLib.Login - 有用户登录bingwen
2014-10-23 16:56:33,239 [27] DEBUG miniLib.Global - 网站关闭
2014-10-23 16:56:41,253 [1] DEBUG miniLib.Global - 网站启动
2014-10-23 16:56:52,347 [27] DEBUG miniLib.Login - 有用户登录bingwen
2014-10-23 19:32:19,869 [81] DEBUG miniLib.Global - 网站关闭
2014-10-23 19:32:46,616 [92] DEBUG miniLib.Global - 网站启动
2014-10-23 19:34:10,951 [87] DEBUG miniLib.Login - 有用户登录bingwen
2014-10-23 20:25:43,388 [76] DEBUG miniLib.Global - 网站关闭
2014-10-23 20:49:54,952 [92] DEBUG miniLib.Global - 网站启动
2014-10-23 20:50:17,214 [54] DEBUG miniLib.Login - 有用户登录bingwen
2014-10-23 20:52:26,810 [52] DEBUG miniLib.Global - 网站关闭
2014-10-23 20:52:31,421 [92] DEBUG miniLib.Global - 网站启动
2014-10-23 20:52:40,003 [64] DEBUG miniLib.Login - 有用户登录bingwen
2014-10-23 20:54:55,599 [1] DEBUG miniLib.Global - 网站启动
2014-10-23 20:55:11,962 [8] DEBUG miniLib.Login - 有用户登录bingwen
2014-10-23 20:57:07,496 [8] DEBUG miniLib.Global - 网站关闭
2014-10-23 20:57:11,586 [5] DEBUG miniLib.Global - 网站启动
2014-10-23 20:57:49,721 [17] DEBUG miniLib.Login - 有用户登录bingwen
2014-10-23 21:01:13,232 [8] DEBUG miniLib.Login - 有用户登录bingwen
2014-11-03 21:12:00,390 [1] DEBUG miniLib.Global - 网站启动
2014-11-03 21:12:18,429 [5] DEBUG miniLib.Login - 有用户登录bingwen
2014-11-03 21:14:31,747 [5] DEBUG miniLib.Global - 网站关闭
2014-11-03 21:15:47,883 [13] DEBUG miniLib.Global - 网站启动
2014-11-03 21:18:29,915 [16] DEBUG miniLib.Global - 网站关闭
2014-11-03 21:27:45,520 [13] DEBUG miniLib.Global - 网站启动
2014-11-03 21:28:14,356 [26] DEBUG miniLib.Login - 有用户登录bingwen
2014-11-03 21:29:57,113 [32] DEBUG miniLib.Global - 网站关闭
2014-11-03 21:30:00,840 [1] DEBUG miniLib.Global - 网站启动
2014-11-03 21:30:26,933 [30] DEBUG miniLib.Login - 有用户登录bingwen
2014-11-03 21:33:20,635 [31] DEBUG miniLib.Global - 网站关闭
2014-11-03 21:33:23,355 [13] DEBUG miniLib.Global - 网站启动
2014-11-03 21:33:41,962 [31] DEBUG miniLib.Login - 有用户登录bingwen
2014-11-03 21:36:18,519 [36] DEBUG miniLib.Global - 网站关闭
2014-11-03 21:36:24,241 [1] DEBUG miniLib.Global - 网站启动
2014-11-03 21:36:40,440 [28] DEBUG miniLib.Login - 有用户登录bingwen
2014-11-03 21:38:38,664 [36] DEBUG miniLib.Global - 网站关闭
2014-11-03 21:38:41,550 [1] DEBUG miniLib.Global - 网站启动
2014-11-03 21:39:11,712 [29] DEBUG miniLib.Login - 有用户登录bingwen
2014-11-03 21:50:07,592 [15] DEBUG miniLib.Global - 网站关闭
2014-11-03 21:56:15,931 [46] DEBUG miniLib.Global - 网站启动
2014-11-03 21:58:04,612 [41] DEBUG miniLib.Login - 有用户登录bingwen
2014-11-03 22:01:46,603 [42] DEBUG miniLib.Global - 网站关闭
2014-11-03 22:02:53,088 [56] DEBUG miniLib.Global - 网站启动
2014-11-03 22:03:11,952 [54] DEBUG miniLib.Login - 有用户登录bingwen
2014-11-03 22:06:31,794 [49] DEBUG miniLib.Login - 有用户登录bingwen
2014-11-03 22:29:56,058 [69] DEBUG miniLib.Global - 网站关闭
2014-11-04 21:13:39,719 [1] DEBUG miniLib.Global - 网站启动
2014-11-04 21:13:58,003 [6] DEBUG miniLib.Login - 有用户登录bingwen
2014-11-04 21:15:17,879 [8] DEBUG miniLib.Global - 网站关闭
2014-11-04 21:15:20,436 [14] DEBUG miniLib.Global - 网站启动
2014-11-04 21:15:34,722 [6] DEBUG miniLib.Login - 有用户登录bingwen
2014-11-04 21:18:30,382 [5] DEBUG miniLib.Login - 有用户登录bingwen
2014-11-04 21:39:55,773 [6] DEBUG miniLib.Global - 网站关闭
2014-11-04 21:48:11,721 [31] DEBUG miniLib.Global - 网站启动
2014-11-04 21:48:24,069 [23] DEBUG miniLib.Login - 有用户登录bingwen
2014-11-04 21:50:49,314 [32] DEBUG miniLib.Global - 网站关闭
2014-11-04 21:51:07,782 [1] DEBUG miniLib.Global - 网站启动
2014-11-04 21:51:24,444 [8] DEBUG miniLib.Login - 有用户登录bingwen
2014-11-04 22:09:06,080 [1] DEBUG miniLib.Global - 网站启动
2014-11-04 22:09:24,083 [5] DEBUG miniLib.Login - 有用户登录bingwen
2014-11-04 22:17:17,820 [16] DEBUG miniLib.Global - 网站关闭
2014-11-04 22:17:25,258 [13] DEBUG miniLib.Global - 网站启动
2014-11-04 22:17:37,983 [16] DEBUG miniLib.Login - 有用户登录bingwen
2014-11-04 22:18:29,452 [15] DEBUG miniLib.Login - 有用户登录bingwen
2014-11-04 22:19:17,819 [12] DEBUG miniLib.Global - 网站关闭
2014-11-04 22:19:22,623 [13] DEBUG miniLib.Global - 网站启动
2014-11-04 22:19:30,755 [11] DEBUG miniLib.Login - 有用户登录bingwen
2014-11-04 22:20:50,586 [10] DEBUG miniLib.Global - 网站关闭
2014-11-04 22:20:55,558 [13] DEBUG miniLib.Global - 网站启动
2014-11-04 22:21:08,874 [15] DEBUG miniLib.Login - 有用户登录bingwen
2014-11-04 22:21:47,166 [23] DEBUG miniLib.Global - 网站关闭
2014-11-04 22:21:51,479 [7] DEBUG miniLib.Global - 网站启动
2014-11-04 22:22:01,521 [21] DEBUG miniLib.Login - 有用户登录bingwen
2014-11-04 22:22:43,480 [18] DEBUG miniLib.Global - 网站关闭
2014-11-04 22:22:47,277 [7] DEBUG miniLib.Global - 网站启动
2014-11-04 22:22:58,652 [20] DEBUG miniLib.Login - 有用户登录bingwen
2014-11-04 22:47:18,043 [15] DEBUG miniLib.Login - 有用户登录bingwen
2014-11-04 22:49:26,823 [23] DEBUG miniLib.Global - 网站关闭
2014-11-05 21:07:03,583 [1] DEBUG miniLib.Global - 网站启动
2014-11-05 21:07:32,139 [8] DEBUG miniLib.Login - 有用户登录bingwen
2014-11-05 21:10:51,071 [5] DEBUG miniLib.Login - 有用户登录bingwen
2014-11-05 21:18:02,901 [5] DEBUG miniLib.Login - 有用户登录bingwen
2014-11-05 21:41:24,789 [50] DEBUG miniLib.Login - 有用户登录bingwen
2014-11-05 22:00:50,886 [54] DEBUG miniLib.Global - 网站关闭
2014-11-05 22:00:58,926 [1] DEBUG miniLib.Global - 网站启动
2014-11-05 22:01:06,399 [33] DEBUG miniLib.Login - 有用户登录bingwen
2014-11-05 22:02:16,154 [69] DEBUG miniLib.Login - 有用户登录bingwen
2014-11-05 22:03:56,147 [61] DEBUG miniLib.Global - 网站关闭
2014-11-05 22:04:01,572 [1] DEBUG miniLib.Global - 网站启动
2014-11-05 22:04:09,021 [33] DEBUG miniLib.Login - 有用户登录bingwen
2014-11-05 22:05:57,928 [70] DEBUG miniLib.Global - 网站关闭
2014-11-05 22:08:17,933 [1] DEBUG miniLib.Global - 网站启动
2014-11-05 22:08:24,083 [6] DEBUG miniLib.Login - 有用户登录bingwen
2014-11-05 22:14:09,587 [54] DEBUG miniLib.Login - 有用户登录bingwen
2014-11-05 22:17:04,609 [5] DEBUG miniLib.Login - 有用户登录bingwen
2014-11-05 22:38:19,989 [55] DEBUG miniLib.Global - 网站关闭
2014-11-06 22:21:00,876 [1] DEBUG miniLib.Global - 网站启动
2014-11-06 22:21:09,414 [6] DEBUG miniLib.Login - 有用户登录bingwen
2014-11-06 22:22:19,677 [9] DEBUG miniLib.ReaderManage.RTypeManage - bingwen修改了管理员这种读者类型的资料
2014-11-06 22:23:44,474 [7] DEBUG miniLib.ReaderManage.RTypeManage - bingwen修改了管理员这种读者类型的资料
2014-11-06 22:54:22,968 [40] DEBUG miniLib.Global - 网站关闭
2014-11-09 20:48:58,196 [1] DEBUG miniLib.Global - 网站启动
2014-11-09 20:49:09,535 [6] DEBUG miniLib.Login - 有用户登录bingwen
2014-11-09 20:49:56,980 [5] ERROR miniLib.ajax.AddReader - 出现错误在将 nvarchar 值 '教师' 转换成数据类型 int 时失败。
2014-11-09 21:01:20,122 [1] DEBUG miniLib.Global - 网站启动
2014-11-09 21:02:11,651 [9] DEBUG miniLib.Login - 有用户登录bingwen
2014-11-09 21:08:14,784 [9] ERROR miniLib.ajax.AddReader - 出现错误在将 nvarchar 值 '教师' 转换成数据类型 int 时失败。
2014-11-09 21:08:23,524 [11] DEBUG miniLib.Global - 网站关闭
2014-11-09 21:08:30,357 [12] DEBUG miniLib.Global - 网站启动
2014-11-09 21:08:30,388 [9] ERROR miniLib.ajax.AddReader - 出现错误未将对象引用设置到对象的实例。
2014-11-09 21:08:52,720 [9] DEBUG miniLib.Login - 有用户登录bingwen
2014-11-09 21:09:08,574 [13] ERROR miniLib.ajax.AddReader - 出现错误违反了 PRIMARY KEY 约束“PK_UserRole”。不能在对象“dbo.UserRole”中插入重复键。重复键值为 (4)。
2014-11-09 21:09:58,495 [1] DEBUG miniLib.Global - 网站启动
2014-11-09 21:10:07,301 [8] DEBUG miniLib.Login - 有用户登录bingwen
2014-11-09 21:11:00,631 [5] DEBUG miniLib.Login - 有用户登录bingwen
2014-11-09 21:11:20,697 [6] DEBUG miniLib.ajax.AddReader - bingwen增加了教师这种类型的读者
2014-11-09 21:13:21,778 [8] DEBUG miniLib.Global - 网站关闭
2014-11-09 21:17:01,513 [18] DEBUG miniLib.Global - 网站启动
2014-11-09 21:17:12,830 [15] DEBUG miniLib.Login - 有用户登录bingwen
2014-11-09 21:32:12,189 [31] DEBUG miniLib.Global - 网站关闭
2014-11-10 16:27:19,412 [1] DEBUG miniLib.Global - 网站启动
2014-11-10 16:28:14,775 [5] DEBUG miniLib.Login - 有用户登录bingwen
2014-11-10 16:28:21,970 [6] DEBUG miniLib.SysSet.LibraryInfo - bingwen进入了图书馆信息界面
2014-11-10 16:29:40,722 [5] DEBUG miniLib.SysSet.LibraryInfo - bingwen进入了图书馆信息界面
2014-11-10 16:30:23,109 [7] ERROR miniLib.ajax.ChangeLibraryInfo - bingwen修改图书馆信息时发生了错误:参数化查询 '(@LName nvarchar(4000),@LCurator nvarchar(2),@LPhone nvarchar(11' 需要参数 '@LName'，但未提供该参数。
2014-11-10 16:35:07,586 [1] DEBUG miniLib.Global - 网站启动
2014-11-10 16:35:49,722 [8] DEBUG miniLib.Login - 有用户登录bingwen
2014-11-10 16:35:53,352 [9] DEBUG miniLib.SysSet.LibraryInfo - bingwen进入了图书馆信息界面
2014-11-10 16:37:12,819 [9] ERROR miniLib.ajax.ChangeLibraryInfo - bingwen修改图书馆信息时发生了错误:参数化查询 '(@LName nvarchar(4000),@LCurator nvarchar(2),@LPhone nvarchar(11' 需要参数 '@LName'，但未提供该参数。
2014-11-10 16:37:30,422 [9] DEBUG miniLib.SysSet.LibraryInfo - bingwen进入了图书馆信息界面
2014-11-10 16:37:34,640 [6] ERROR miniLib.ajax.ChangeLibraryInfo - bingwen修改图书馆信息时发生了错误:参数化查询 '(@LName nvarchar(4000),@LCurator nvarchar(2),@LPhone nvarchar(11' 需要参数 '@LName'，但未提供该参数。
2014-11-10 16:45:03,004 [15] DEBUG miniLib.SysSet.LibraryInfo - bingwen进入了图书馆信息界面
2014-11-10 16:45:08,322 [15] ERROR miniLib.ajax.ChangeLibraryInfo - bingwen修改图书馆信息时发生了错误:参数化查询 '(@LName nvarchar(4000),@LCurator nvarchar(2),@LPhone nvarchar(11' 需要参数 '@LName'，但未提供该参数。
2014-11-10 16:47:54,776 [1] DEBUG miniLib.Global - 网站启动
2014-11-10 16:48:02,545 [8] DEBUG miniLib.Login - 有用户登录bingwen
2014-11-10 16:48:09,293 [8] DEBUG miniLib.SysSet.LibraryInfo - bingwen进入了图书馆信息界面
2014-11-10 16:49:02,312 [8] ERROR miniLib.ajax.ChangeLibraryInfo - bingwen修改图书馆信息时发生了错误:参数化查询 '(@LName nvarchar(4000),@LCurator nvarchar(2),@LPhone nvarchar(11' 需要参数 '@LName'，但未提供该参数。
2014-11-10 16:49:06,259 [6] DEBUG miniLib.Global - 网站关闭
2014-11-10 16:49:12,380 [5] DEBUG miniLib.Global - 网站启动
2014-11-10 16:49:36,329 [14] DEBUG miniLib.Login - 有用户登录bingwen
2014-11-10 16:49:40,270 [9] DEBUG miniLib.SysSet.LibraryInfo - bingwen进入了图书馆信息界面
2014-11-10 16:50:13,776 [6] DEBUG miniLib.ajax.ChangeLibraryInfo - bingwen修改了图书馆信息！
2014-11-10 16:51:36,764 [6] DEBUG miniLib.SysSet.LibraryInfo - bingwen进入了图书馆信息界面
2014-11-10 16:51:39,192 [14] DEBUG miniLib.ajax.ChangeLibraryInfo - bingwen修改了图书馆信息！
2014-11-10 16:52:06,024 [16] DEBUG miniLib.SysSet.LibraryInfo - bingwen进入了图书馆信息界面
2014-11-10 16:52:07,992 [6] DEBUG miniLib.ajax.ChangeLibraryInfo - bingwen修改了图书馆信息！
2014-11-10 16:52:09,108 [16] DEBUG miniLib.SysSet.LibraryInfo - bingwen进入了图书馆信息界面
2014-11-10 16:56:46,965 [16] DEBUG miniLib.SysSet.LibraryInfo - bingwen进入了图书馆信息界面
2014-11-10 16:57:27,997 [16] DEBUG miniLib.Global - 网站关闭
2014-11-10 16:57:33,007 [1] DEBUG miniLib.Global - 网站启动
2014-11-10 16:58:08,932 [16] DEBUG miniLib.Login - 有用户登录bingwen
2014-11-10 17:02:38,749 [6] DEBUG miniLib.Global - 网站关闭
2014-11-10 17:48:45,268 [1] DEBUG miniLib.Global - 网站启动
2014-11-10 17:49:09,997 [6] DEBUG miniLib.Login - 有用户登录bingwen
2014-11-10 17:49:16,523 [9] DEBUG miniLib.ReaderManage.ReaderManage - bingwen进入了读者档案管理界面！
2014-11-10 17:50:05,070 [8] DEBUG miniLib.Global - 网站关闭
2014-11-10 17:50:12,108 [14] DEBUG miniLib.Global - 网站启动
2014-11-10 17:50:20,758 [9] DEBUG miniLib.Login - 有用户登录bingwen
2014-11-10 17:50:25,040 [7] DEBUG miniLib.ReaderManage.ReaderManage - bingwen进入了读者档案管理界面！
2014-11-10 17:51:08,537 [10] DEBUG miniLib.ReaderManage.ReaderManage - bingwen进入了读者档案管理界面！
2014-11-10 17:52:33,185 [10] DEBUG miniLib.ReaderManage.ReaderManage - bingwen进入了读者档案管理界面！
2014-11-10 17:54:01,796 [9] DEBUG miniLib.ReaderManage.ReaderManage - bingwen进入了读者档案管理界面！
2014-11-10 17:55:12,807 [15] DEBUG miniLib.Global - 网站关闭
2014-11-12 15:38:10,072 [1] DEBUG miniLib.Global - 网站启动
2014-11-12 15:38:26,502 [7] DEBUG miniLib.Login - 有用户登录bingwen
2014-11-12 15:38:33,711 [5] DEBUG miniLib.SysSet.LibraryInfo - bingwen进入了图书馆信息界面
2014-11-13 21:55:49,412 [1] DEBUG miniLib.Global - 网站启动
2014-11-13 21:56:25,959 [6] DEBUG miniLib.Login - 有用户登录bingwen
2014-11-13 21:56:31,434 [7] DEBUG miniLib.ReaderManage.ReaderManage - bingwen进入了读者档案管理界面！
2014-11-13 21:57:21,647 [1] DEBUG miniLib.Global - 网站启动
2014-11-13 21:57:32,140 [6] DEBUG miniLib.Login - 有用户登录bingwen
2014-11-13 21:57:35,080 [5] DEBUG miniLib.ReaderManage.ReaderManage - bingwen进入了读者档案管理界面！
2014-11-13 21:59:34,935 [6] DEBUG miniLib.Global - 网站关闭
2014-11-13 21:59:44,578 [1] DEBUG miniLib.Global - 网站启动
2014-11-13 21:59:53,682 [6] DEBUG miniLib.Login - 有用户登录bingwen
2014-11-13 22:00:08,713 [8] DEBUG miniLib.ReaderManage.ReaderManage - bingwen进入了读者档案管理界面！
2014-11-13 22:00:25,358 [6] DEBUG miniLib.AddReader - bingwen进入了添加/修改读者界面
2014-11-13 22:01:39,941 [5] DEBUG miniLib.Global - 网站关闭
2014-11-13 22:01:52,266 [14] DEBUG miniLib.Global - 网站启动
2014-11-13 22:04:07,737 [5] DEBUG miniLib.Global - 网站关闭
2014-11-14 13:31:24,356 [1] DEBUG miniLib.Global - 网站启动
2014-11-14 13:31:34,945 [5] DEBUG miniLib.Login - 有用户登录bingwen
2014-11-14 13:32:01,259 [5] DEBUG miniLib.SysSet.AdminManage - bingwen进入了管理员管理界面！
2014-11-14 13:32:05,287 [8] DEBUG miniLib.SysSet.LibraryInfo - bingwen进入了图书馆信息界面
2014-11-14 13:33:49,998 [6] DEBUG miniLib.ReaderManage.ReaderManage - bingwen进入了读者档案管理界面！
2014-11-14 13:36:59,791 [6] DEBUG miniLib.SysSet.LibraryInfo - bingwen进入了图书馆信息界面
2014-11-17 22:28:09,694 [1] DEBUG miniLib.Global - 网站启动
2014-11-17 22:28:21,233 [8] DEBUG miniLib.Login - 有用户登录bingwen
2014-11-17 22:28:25,731 [7] DEBUG miniLib.SysSet.AdminManage - bingwen进入了管理员管理界面！
2014-11-17 22:28:37,483 [7] DEBUG miniLib.SysSet.AdminManage - bingwen进入了管理员管理界面！
2014-11-17 22:28:39,435 [5] DEBUG miniLib.SysSet.AdminManage - bingwen进入了管理员管理界面！
2014-11-17 22:28:39,975 [6] DEBUG miniLib.SysSet.AdminManage - bingwen进入了管理员管理界面！
2014-11-17 22:28:40,396 [8] DEBUG miniLib.SysSet.AdminManage - bingwen进入了管理员管理界面！
2014-11-17 22:28:40,755 [6] DEBUG miniLib.SysSet.AdminManage - bingwen进入了管理员管理界面！
2014-11-17 22:28:40,938 [5] DEBUG miniLib.SysSet.AdminManage - bingwen进入了管理员管理界面！
2014-11-17 22:28:41,084 [7] DEBUG miniLib.SysSet.AdminManage - bingwen进入了管理员管理界面！
2014-11-17 22:28:41,483 [9] DEBUG miniLib.SysSet.AdminManage - bingwen进入了管理员管理界面！
2014-11-17 22:28:43,980 [6] DEBUG miniLib.SysSet.AdminManage - bingwen进入了管理员管理界面！
2014-11-17 22:30:13,885 [9] DEBUG miniLib.Login - 有用户登录bingwen
2014-11-17 22:30:18,000 [6] DEBUG miniLib.ReaderManage.ReaderManage - bingwen进入了读者档案管理界面！
2014-11-17 22:31:25,761 [7] DEBUG miniLib.Global - 网站关闭
2014-11-18 21:54:42,628 [1] DEBUG miniLib.Global - 网站启动
2014-11-18 21:54:58,313 [7] DEBUG miniLib.Login - 有用户登录bingwen
2014-11-18 21:55:04,025 [7] DEBUG miniLib.BookManage.BTypeManage - bingwen进入了图书类型管理界面
2014-11-18 21:55:39,101 [8] DEBUG miniLib.BookManage.BTypeManage - bingwen进入了图书类型管理界面
2014-11-18 21:55:49,884 [5] DEBUG miniLib.BookManage.BTypeManage - bingwen进入了图书类型管理界面
2014-11-18 21:55:56,563 [7] DEBUG miniLib.BookManage.BTypeManage - bingwen进入了图书类型管理界面
2014-11-18 21:56:05,808 [7] DEBUG miniLib.BookManage.BTypeManage - bingwen进入了图书类型管理界面
2014-11-18 22:01:30,200 [19] DEBUG miniLib.Global - 网站关闭
2014-11-18 22:07:42,848 [13] DEBUG miniLib.Global - 网站启动
2014-11-18 22:07:50,995 [10] DEBUG miniLib.Login - 有用户登录bingwen
2014-11-18 22:07:55,759 [11] DEBUG miniLib.BookManage.BTypeManage - bingwen进入了图书类型管理界面
2014-11-18 22:07:59,787 [11] DEBUG miniLib.BookManage.BTypeManage - bingwen进入了图书类型管理界面
2014-11-18 22:08:02,841 [10] DEBUG miniLib.BookManage.BTypeManage - bingwen进入了图书类型管理界面
2014-11-18 22:08:04,304 [11] DEBUG miniLib.BookManage.BTypeManage - bingwen进入了图书类型管理界面
2014-11-18 22:08:05,703 [10] DEBUG miniLib.BookManage.BTypeManage - bingwen进入了图书类型管理界面
2014-11-18 22:08:07,279 [11] DEBUG miniLib.BookManage.BTypeManage - bingwen进入了图书类型管理界面
2014-11-18 22:08:15,608 [11] DEBUG miniLib.BookManage.BTypeManage - bingwen进入了图书类型管理界面
2014-11-18 22:08:19,624 [14] DEBUG miniLib.BookManage.BTypeManage - bingwen进入了图书类型管理界面
2014-11-18 22:08:21,460 [14] DEBUG miniLib.BookManage.BTypeManage - bingwen进入了图书类型管理界面
2014-11-18 22:08:23,344 [9] DEBUG miniLib.BookManage.BTypeManage - bingwen进入了图书类型管理界面
2014-11-18 22:08:26,753 [12] DEBUG miniLib.BookManage.BTypeManage - bingwen进入了图书类型管理界面
2014-11-18 22:08:29,031 [11] DEBUG miniLib.BookManage.BTypeManage - bingwen进入了图书类型管理界面
2014-11-18 22:08:30,768 [9] DEBUG miniLib.BookManage.BTypeManage - bingwen进入了图书类型管理界面
2014-11-18 22:08:43,625 [12] DEBUG miniLib.ajax.AddCategory - bingwen新增了大数据这种图书类型
2014-11-18 22:14:21,407 [24] DEBUG miniLib.BookManage.BTypeManage - bingwen进入了图书类型管理界面
2014-11-18 22:15:10,856 [12] DEBUG miniLib.Global - 网站关闭
2014-11-18 22:32:49,847 [48] DEBUG miniLib.Global - 网站启动
2014-11-18 22:32:58,431 [45] DEBUG miniLib.Login - 有用户登录bingwen
2014-11-18 22:42:39,897 [1] DEBUG miniLib.Global - 网站启动
2014-11-18 22:43:02,471 [8] DEBUG miniLib.Login - 有用户登录bingwen
2014-11-18 22:54:58,860 [13] DEBUG miniLib.Global - 网站关闭
2014-11-18 22:58:53,529 [12] DEBUG miniLib.Global - 网站启动
2014-11-18 22:59:02,101 [20] DEBUG miniLib.Login - 有用户登录bingwen
2014-11-18 23:02:31,688 [20] DEBUG miniLib.BookManage.BookManage - bingwen进入了图书管理界面
2014-11-18 23:03:15,973 [24] DEBUG miniLib.BookManage.BookManage - bingwen进入了图书管理界面
2014-11-19 21:27:55,066 [1] DEBUG miniLib.Global - 网站启动
2014-11-19 21:28:16,980 [6] DEBUG miniLib.Login - 有用户登录bingwen
2014-11-19 21:28:23,672 [6] DEBUG miniLib.BookManage.BookManage - bingwen进入了图书管理界面
2014-11-19 21:28:56,320 [6] DEBUG miniLib.BookManage.BTypeManage - bingwen进入了图书类型管理界面
2014-11-19 21:29:37,284 [7] DEBUG miniLib.BookManage.BookManage - bingwen进入了图书管理界面
2014-11-19 21:36:52,476 [9] DEBUG miniLib.BookManage.BookManage - bingwen进入了图书管理界面
2014-11-19 21:37:10,954 [9] DEBUG miniLib.BookManage.BookManage - bingwen进入了图书管理界面
2014-11-20 22:47:34,542 [1] DEBUG miniLib.Global - 网站启动
2014-11-20 22:47:45,805 [8] DEBUG miniLib.Login - 有用户登录bingwen
2014-11-20 22:47:51,454 [5] DEBUG miniLib.BookManage.BookManage - bingwen进入了图书管理界面
2014-11-20 22:47:54,456 [7] DEBUG miniLib.BookManage.AddBook - bingwen进入了新增图书界面
2014-11-20 22:50:01,978 [9] DEBUG miniLib.BookManage.AddBook - bingwen进入了新增图书界面
2014-11-20 22:50:27,337 [8] DEBUG miniLib.BookManage.AddBook - bingwen进入了新增图书界面
2014-11-20 22:52:05,660 [9] DEBUG miniLib.Global - 网站关闭
2014-11-20 22:52:20,893 [1] DEBUG miniLib.Global - 网站启动
2014-11-20 22:52:36,031 [6] DEBUG miniLib.Login - 有用户登录bingwen
2014-11-20 22:52:40,799 [7] DEBUG miniLib.BookManage.BookManage - bingwen进入了图书管理界面
2014-11-20 22:52:42,536 [9] DEBUG miniLib.BookManage.AddBook - bingwen进入了新增图书界面
2014-11-20 22:55:38,358 [13] DEBUG miniLib.Global - 网站关闭
2014-11-20 22:55:49,975 [5] DEBUG miniLib.Global - 网站启动
2014-11-20 22:55:58,966 [10] DEBUG miniLib.Login - 有用户登录bingwen
2014-11-20 22:56:03,835 [6] DEBUG miniLib.BookManage.BookManage - bingwen进入了图书管理界面
2014-11-20 22:56:07,458 [9] DEBUG miniLib.BookManage.AddBook - bingwen进入了新增图书界面
2014-11-23 20:30:08,203 [1] DEBUG miniLib.Global - 网站启动
2014-11-23 20:30:42,780 [5] DEBUG miniLib.Login - 有用户登录bingwen
2014-11-23 20:32:18,151 [7] DEBUG miniLib.Global - 网站关闭
2014-11-23 21:15:20,107 [70] DEBUG miniLib.Global - 网站启动
2014-11-23 21:15:50,813 [68] DEBUG miniLib.Login - 有用户登录bingwen
2014-11-23 21:16:02,803 [69] DEBUG miniLib.SortManage.BookBorrowSort - bingwen进入了图书借阅排行界面
2014-11-23 21:17:33,697 [68] DEBUG miniLib.SortManage.BookBorrowSort - bingwen进入了图书借阅排行界面
2014-11-23 21:28:01,943 [72] DEBUG miniLib.Global - 网站关闭
2014-11-23 21:34:28,894 [81] DEBUG miniLib.Global - 网站启动
2014-11-23 21:34:36,585 [75] DEBUG miniLib.Login - 有用户登录bingwen
2014-11-23 21:34:41,151 [80] DEBUG miniLib.SortManage.ReaderBorrowSort - bingwen进入了读者借阅排行榜界面
2014-11-23 21:37:29,228 [75] DEBUG miniLib.Global - 网站关闭
2014-11-23 21:37:33,090 [81] DEBUG miniLib.Global - 网站启动
2014-11-23 21:37:51,605 [80] DEBUG miniLib.Login - 有用户登录bingwen
2014-11-23 21:37:56,391 [75] DEBUG miniLib.SortManage.ReaderBorrowSort - bingwen进入了读者借阅排行榜界面
2014-11-23 21:42:18,396 [77] DEBUG miniLib.Global - 网站关闭
2014-11-23 23:09:58,923 [81] DEBUG miniLib.Global - 网站启动
2014-11-23 23:10:22,354 [112] DEBUG miniLib.Login - 有用户登录bingwen
2014-11-23 23:10:33,115 [112] DEBUG miniLib.SysQuery.BookQuery - bingwen进入了图书档案查询界面
2014-11-23 23:10:39,414 [119] DEBUG miniLib.SysQuery.BookQuery - bingwen进入了图书档案查询界面
2014-11-23 23:11:44,749 [115] DEBUG miniLib.SysQuery.BookQuery - bingwen进入了图书档案查询界面
2014-11-23 23:11:46,904 [119] DEBUG miniLib.SysQuery.BookQuery - bingwen进入了图书档案查询界面
2014-11-25 22:44:23,210 [1] DEBUG miniLib.Global - 网站启动
2014-11-25 22:45:23,544 [7] DEBUG miniLib.Login - 有用户登录bingwen
2014-11-25 22:45:36,106 [6] DEBUG miniLib.SysQuery.BBorrowQuery - bingwen进入了借阅档案查询界面
2014-11-25 22:47:19,714 [7] DEBUG miniLib.SysQuery.BBorrowQuery - bingwen进入了借阅档案查询界面
2014-11-25 22:48:51,309 [8] DEBUG miniLib.Global - 网站关闭
2014-11-25 22:49:01,926 [1] DEBUG miniLib.Global - 网站启动
2014-11-25 22:49:16,432 [6] DEBUG miniLib.Login - 有用户登录bingwen
2014-11-25 22:49:22,138 [8] DEBUG miniLib.SysQuery.BBorrowQuery - bingwen进入了借阅档案查询界面
2014-11-25 22:49:27,303 [6] DEBUG miniLib.SysQuery.BBorrowQuery - bingwen进入了借阅档案查询界面
2014-11-25 22:49:39,769 [8] DEBUG miniLib.SysQuery.BBorrowQuery - bingwen进入了借阅档案查询界面
2014-11-25 22:52:49,840 [8] DEBUG miniLib.Global - 网站关闭
2014-11-25 22:53:25,971 [1] DEBUG miniLib.Global - 网站启动
2014-11-25 22:53:33,455 [11] DEBUG miniLib.Login - 有用户登录bingwen
2014-11-25 22:53:36,374 [8] DEBUG miniLib.SysQuery.BBorrowQuery - bingwen进入了借阅档案查询界面
2014-11-25 22:53:39,196 [11] DEBUG miniLib.SysQuery.BBorrowQuery - bingwen进入了借阅档案查询界面
2014-11-25 22:54:38,100 [6] DEBUG miniLib.Global - 网站关闭
2014-11-25 22:54:45,982 [1] DEBUG miniLib.Global - 网站启动
2014-11-25 22:54:52,901 [6] DEBUG miniLib.Login - 有用户登录bingwen
2014-11-25 22:54:56,950 [7] DEBUG miniLib.SysQuery.BBorrowQuery - bingwen进入了借阅档案查询界面
2014-11-25 22:54:59,443 [6] DEBUG miniLib.SysQuery.BBorrowQuery - bingwen进入了借阅档案查询界面
2014-11-27 21:17:08,826 [1] DEBUG miniLib.Global - 网站启动
2014-11-27 21:17:23,135 [6] DEBUG miniLib.Login - 有用户登录bingwen
2014-11-27 21:18:57,656 [5] DEBUG miniLib.Global - 网站关闭
2014-11-27 21:52:36,034 [51] DEBUG miniLib.Global - 网站启动
2014-11-27 21:53:03,121 [49] DEBUG miniLib.Login - 有用户登录bingwen
2014-11-27 22:20:05,164 [48] DEBUG miniLib.Global - 网站关闭
2014-11-27 22:21:40,995 [53] DEBUG miniLib.Global - 网站启动
2014-11-27 22:21:49,928 [50] DEBUG miniLib.Login - 有用户登录bingwen
2014-11-28 21:42:11,913 [1] DEBUG miniLib.Global - 网站启动
2014-11-28 21:42:30,064 [6] DEBUG miniLib.Login - 有用户登录bingwen
2014-11-28 21:44:59,521 [5] DEBUG miniLib.SysSet.LibraryInfo - bingwen进入了图书馆信息界面
2014-11-28 21:45:23,350 [9] DEBUG miniLib.SysSet.AdminManage - bingwen进入了管理员管理界面！
2014-11-28 21:45:47,512 [5] DEBUG miniLib.BookManage.BTypeManage - bingwen进入了图书类型管理界面
2014-11-28 21:45:51,556 [7] DEBUG miniLib.BookManage.BookManage - bingwen进入了图书管理界面
2014-11-28 21:46:17,527 [9] DEBUG miniLib.SortManage.BookBorrowSort - bingwen进入了图书借阅排行界面
2014-11-28 21:46:37,738 [11] DEBUG miniLib.BookManage.BTypeManage - bingwen进入了图书类型管理界面
2014-11-28 21:46:48,453 [7] DEBUG miniLib.SortManage.ReaderBorrowSort - bingwen进入了读者借阅排行榜界面
2014-11-28 22:26:21,872 [30] DEBUG miniLib.Login - 有用户登录bingwen
2014-11-28 22:26:26,329 [36] DEBUG miniLib.ReaderManage.ReaderManage - bingwen进入了读者档案管理界面！
2014-11-28 22:26:31,296 [30] DEBUG miniLib.ReaderManage.ReaderManage - bingwen进入了读者档案管理界面！
2014-11-28 22:27:49,714 [36] DEBUG miniLib.AddReader - bingwen进入了添加/修改读者界面
2014-11-28 22:28:38,417 [36] DEBUG miniLib.ReaderManage.ReaderManage - bingwen进入了读者档案管理界面！
2014-11-28 22:30:02,498 [28] DEBUG miniLib.ReaderManage.ReaderManage - bingwen进入了读者档案管理界面！
2014-11-28 22:31:31,809 [38] DEBUG miniLib.ReaderManage.ReaderManage - bingwen进入了读者档案管理界面！
2014-11-28 22:34:03,035 [44] DEBUG miniLib.ReaderManage.ReaderManage - bingwen进入了读者档案管理界面！
2014-11-28 22:34:06,807 [47] DEBUG miniLib.ReaderManage.ReaderManage - bingwen进入了读者档案管理界面！
2014-11-28 22:34:21,275 [49] DEBUG miniLib.ReaderManage.ReaderManage - bingwen进入了读者档案管理界面！
2014-11-28 22:34:56,369 [46] DEBUG miniLib.ReaderManage.ReaderManage - bingwen进入了读者档案管理界面！
2014-11-28 22:35:18,961 [55] DEBUG miniLib.ReaderManage.ReaderManage - bingwen进入了读者档案管理界面！
2014-11-28 22:36:31,551 [38] DEBUG miniLib.ReaderManage.ReaderManage - bingwen进入了读者档案管理界面！
2014-11-28 22:38:27,020 [38] DEBUG miniLib.ReaderManage.ReaderManage - bingwen进入了读者档案管理界面！
2014-11-28 22:39:16,321 [51] DEBUG miniLib.ReaderManage.ReaderManage - bingwen进入了读者档案管理界面！
2014-11-28 22:41:10,191 [30] DEBUG miniLib.ReaderManage.ReaderManage - bingwen进入了读者档案管理界面！
2014-11-28 22:41:12,386 [38] DEBUG miniLib.ReaderManage.ReaderManage - bingwen进入了读者档案管理界面！
2014-11-28 22:41:13,452 [55] DEBUG miniLib.ReaderManage.ReaderManage - bingwen进入了读者档案管理界面！
2014-11-28 22:41:14,623 [51] DEBUG miniLib.ReaderManage.ReaderManage - bingwen进入了读者档案管理界面！
2014-11-28 22:41:28,165 [38] DEBUG miniLib.SysSet.LibraryInfo - bingwen进入了图书馆信息界面
2014-11-28 22:41:47,338 [54] DEBUG miniLib.SysSet.AdminManage - bingwen进入了管理员管理界面！
2014-11-28 22:41:50,399 [55] DEBUG miniLib.BookManage.BTypeManage - bingwen进入了图书类型管理界面
2014-11-29 21:40:00,646 [1] DEBUG miniLib.Global - 网站启动
2014-11-29 21:55:18,368 [1] DEBUG miniLib.Global - 网站启动
2014-11-29 21:55:25,901 [5] DEBUG miniLib.Login - 有用户登录bingwen
2014-11-29 22:00:31,263 [8] DEBUG miniLib.SortManage.BookBorrowSort - bingwen进入了图书借阅排行界面
2014-11-29 22:02:19,170 [13] DEBUG miniLib.BookManage.BookManage - bingwen进入了图书管理界面
2014-11-29 22:02:25,882 [5] DEBUG miniLib.BookManage.AddBook - bingwen进入了新增图书界面
2014-11-29 22:04:27,142 [11] DEBUG miniLib.SortManage.ReaderBorrowSort - bingwen进入了读者借阅排行榜界面
2014-11-29 22:04:43,491 [13] DEBUG miniLib.SysSet.AdminManage - bingwen进入了管理员管理界面！
2014-11-29 22:07:57,374 [15] DEBUG miniLib.ReaderManage.ReaderManage - bingwen进入了读者档案管理界面！
2014-11-29 22:08:08,835 [12] DEBUG miniLib.SysSet.AdminManage - bingwen进入了管理员管理界面！
2014-11-29 22:08:17,413 [6] DEBUG miniLib.SysSet.AdminManage - bingwen进入了管理员管理界面！
2014-11-29 22:08:20,853 [12] DEBUG miniLib.SysSet.AdminManage - bingwen进入了管理员管理界面！
2014-11-29 22:09:43,594 [12] DEBUG miniLib.SysSet.AdminManage - bingwen进入了管理员管理界面！
2014-11-29 22:09:55,160 [14] DEBUG miniLib.SysQuery.BookQuery - bingwen进入了图书档案查询界面
2014-11-29 22:09:57,545 [15] DEBUG miniLib.SysQuery.BookQuery - bingwen进入了图书档案查询界面
2014-11-29 22:14:18,842 [15] DEBUG miniLib.SysQuery.BookQuery - bingwen进入了图书档案查询界面
2014-11-29 22:18:01,655 [9] DEBUG miniLib.SysQuery.BookQuery - bingwen进入了图书档案查询界面
2014-11-29 22:37:11,208 [31] DEBUG miniLib.Global - 网站关闭
2014-11-29 22:37:16,205 [29] DEBUG miniLib.Global - 网站启动
2014-11-29 22:37:48,393 [21] DEBUG miniLib.Login - 有用户登录bingwen
2014-11-30 10:46:40,692 [1] DEBUG miniLib.Global - 网站启动
2014-11-30 10:49:10,545 [8] DEBUG miniLib.Login - 有用户登录bingwen
2014-11-30 10:50:08,098 [6] DEBUG miniLib.SysSet.AdminManage - bingwen进入了管理员管理界面！
2014-11-30 10:50:17,840 [9] DEBUG miniLib.Global - 网站关闭
2014-11-30 10:52:01,442 [13] DEBUG miniLib.Global - 网站启动
2014-11-30 10:59:06,599 [10] DEBUG miniLib.Login - 有用户登录bingwen
2014-11-30 10:59:29,543 [15] DEBUG miniLib.SortManage.BookBorrowSort - bingwen进入了图书借阅排行界面
2014-11-30 10:59:39,256 [15] DEBUG miniLib.SysQuery.BBorrowQuery - bingwen进入了借阅档案查询界面
2014-11-30 10:59:54,932 [21] DEBUG miniLib.BookManage.BTypeManage - bingwen进入了图书类型管理界面
2014-11-30 11:00:07,318 [10] DEBUG miniLib.ReaderManage.ReaderManage - bingwen进入了读者档案管理界面！
2014-11-30 11:00:25,003 [10] DEBUG miniLib.SysSet.LibraryInfo - bingwen进入了图书馆信息界面
2014-11-30 11:44:08,032 [1] DEBUG miniLib.Global - 网站启动
2014-11-30 11:46:36,252 [5] DEBUG miniLib.Login - 有用户登录bingwen
2014-11-30 11:48:10,057 [10] DEBUG miniLib.SortManage.BookBorrowSort - bingwen进入了图书借阅排行界面
2014-11-30 12:55:39,286 [80] DEBUG miniLib.Login - 有用户登录bingwen
2014-11-30 12:57:07,170 [65] DEBUG miniLib.SysQuery.BookQuery - bingwen进入了图书档案查询界面
2014-11-30 12:57:09,596 [78] DEBUG miniLib.SysQuery.BBorrowQuery - bingwen进入了借阅档案查询界面
2014-11-30 12:57:31,402 [79] DEBUG miniLib.SysSet.LibraryInfo - bingwen进入了图书馆信息界面
2014-11-30 12:59:07,882 [72] DEBUG miniLib.Login - 有用户登录bingwen
2014-11-30 13:02:08,449 [54] DEBUG miniLib.Login - 有用户登录bingwen
2014-11-30 13:02:32,698 [78] DEBUG miniLib.BookManage.BTypeManage - bingwen进入了图书类型管理界面
2014-11-30 13:02:38,271 [53] DEBUG miniLib.BookManage.BookManage - bingwen进入了图书管理界面
2014-11-30 13:02:50,899 [78] DEBUG miniLib.SysQuery.BookQuery - bingwen进入了图书档案查询界面
2014-11-30 13:02:57,818 [55] DEBUG miniLib.SortManage.ReaderBorrowSort - bingwen进入了读者借阅排行榜界面
2014-12-14 19:59:41,405 [1] DEBUG miniLib.Global - 网站启动
2014-12-14 20:00:27,108 [8] DEBUG miniLib.Login - 有用户登录bingwen
2015-01-08 09:40:43,574 [1] DEBUG miniLib.Global - 网站启动
2015-01-08 09:42:57,781 [7] DEBUG miniLib.Login - 有用户登录bingwen
2015-01-08 09:43:11,011 [7] DEBUG miniLib.ReaderManage.ReaderManage - bingwen进入了读者档案管理界面！
2015-01-08 09:43:13,923 [6] DEBUG miniLib.BookManage.BTypeManage - bingwen进入了图书类型管理界面
2015-01-08 09:43:21,033 [7] DEBUG miniLib.SortManage.BookBorrowSort - bingwen进入了图书借阅排行界面
2015-01-08 09:44:23,900 [10] DEBUG miniLib.SysSet.LibraryInfo - bingwen进入了图书馆信息界面
2015-01-08 09:44:31,439 [5] DEBUG miniLib.BookManage.BTypeManage - bingwen进入了图书类型管理界面
2015-01-08 09:44:34,473 [9] DEBUG miniLib.SysQuery.BookQuery - bingwen进入了图书档案查询界面
2015-01-08 09:44:36,748 [7] DEBUG miniLib.SysSet.LibraryInfo - bingwen进入了图书馆信息界面
2015-01-08 22:03:03,225 [1] DEBUG miniLib.Global - 网站启动
2015-01-16 23:40:26,122 [1] DEBUG miniLib.Global - 网站启动
2015-01-16 23:40:41,642 [5] DEBUG miniLib.Login - 有用户登录bingwen
2015-01-16 23:41:41,187 [8] DEBUG miniLib.SysSet.LibraryInfo - bingwen进入了图书馆信息界面
2015-01-16 23:41:46,698 [6] DEBUG miniLib.BookManage.BTypeManage - bingwen进入了图书类型管理界面
2015-01-16 23:41:49,729 [5] DEBUG miniLib.SysQuery.BookQuery - bingwen进入了图书档案查询界面
2015-01-16 23:42:30,354 [7] DEBUG miniLib.Login - 有用户登录bingwen
2015-01-16 23:42:37,841 [5] DEBUG miniLib.BookManage.BTypeManage - bingwen进入了图书类型管理界面
